<?xml version="1.0" encoding="UTF-8"?>
<testsuite xmlns:xsi="http://www.w3.org/2001/XMLSchema-instance" xsi:noNamespaceSchemaLocation="https://maven.apache.org/surefire/maven-surefire-plugin/xsd/surefire-test-report.xsd" name="com.ratz.restfullapi.unittests.service.PersonServiceImplTest" time="0.327" tests="7" errors="0" skipped="0" failures="0">
  <properties>
    <property name="java.specification.version" value="18"/>
    <property name="sun.cpu.isalist" value="amd64"/>
    <property name="sun.jnu.encoding" value="Cp1252"/>
    <property name="java.class.path" value="C:\Users\JoãoCarlosPereira\Desktop\restfull-api\target\test-classes;C:\Users\JoãoCarlosPereira\Desktop\restfull-api\target\classes;C:\Users\JoãoCarlosPereira\.m2\repository\org\springframework\boot\spring-boot-starter-web\3.0.0-M3\spring-boot-starter-web-3.0.0-M3.jar;C:\Users\JoãoCarlosPereira\.m2\repository\org\springframework\boot\spring-boot-starter\3.0.0-M3\spring-boot-starter-3.0.0-M3.jar;C:\Users\JoãoCarlosPereira\.m2\repository\org\springframework\boot\spring-boot-starter-logging\3.0.0-M3\spring-boot-starter-logging-3.0.0-M3.jar;C:\Users\JoãoCarlosPereira\.m2\repository\ch\qos\logback\logback-classic\1.2.11\logback-classic-1.2.11.jar;C:\Users\JoãoCarlosPereira\.m2\repository\ch\qos\logback\logback-core\1.2.11\logback-core-1.2.11.jar;C:\Users\JoãoCarlosPereira\.m2\repository\org\apache\logging\log4j\log4j-to-slf4j\2.17.2\log4j-to-slf4j-2.17.2.jar;C:\Users\JoãoCarlosPereira\.m2\repository\org\apache\logging\log4j\log4j-api\2.17.2\log4j-api-2.17.2.jar;C:\Users\JoãoCarlosPereira\.m2\repository\org\slf4j\jul-to-slf4j\1.7.36\jul-to-slf4j-1.7.36.jar;C:\Users\JoãoCarlosPereira\.m2\repository\jakarta\annotation\jakarta.annotation-api\2.0.0\jakarta.annotation-api-2.0.0.jar;C:\Users\JoãoCarlosPereira\.m2\repository\org\springframework\boot\spring-boot-starter-json\3.0.0-M3\spring-boot-starter-json-3.0.0-M3.jar;C:\Users\JoãoCarlosPereira\.m2\repository\com\fasterxml\jackson\datatype\jackson-datatype-jdk8\2.13.3\jackson-datatype-jdk8-2.13.3.jar;C:\Users\JoãoCarlosPereira\.m2\repository\com\fasterxml\jackson\datatype\jackson-datatype-jsr310\2.13.3\jackson-datatype-jsr310-2.13.3.jar;C:\Users\JoãoCarlosPereira\.m2\repository\com\fasterxml\jackson\module\jackson-module-parameter-names\2.13.3\jackson-module-parameter-names-2.13.3.jar;C:\Users\JoãoCarlosPereira\.m2\repository\org\springframework\boot\spring-boot-starter-tomcat\3.0.0-M3\spring-boot-starter-tomcat-3.0.0-M3.jar;C:\Users\JoãoCarlosPereira\.m2\repository\org\apache\tomcat\embed\tomcat-embed-core\10.0.21\tomcat-embed-core-10.0.21.jar;C:\Users\JoãoCarlosPereira\.m2\repository\org\apache\tomcat\embed\tomcat-embed-el\10.0.21\tomcat-embed-el-10.0.21.jar;C:\Users\JoãoCarlosPereira\.m2\repository\org\apache\tomcat\embed\tomcat-embed-websocket\10.0.21\tomcat-embed-websocket-10.0.21.jar;C:\Users\JoãoCarlosPereira\.m2\repository\org\springframework\spring-web\6.0.0-M4\spring-web-6.0.0-M4.jar;C:\Users\JoãoCarlosPereira\.m2\repository\org\springframework\spring-webmvc\6.0.0-M4\spring-webmvc-6.0.0-M4.jar;C:\Users\JoãoCarlosPereira\.m2\repository\org\springframework\spring-expression\6.0.0-M4\spring-expression-6.0.0-M4.jar;C:\Users\JoãoCarlosPereira\.m2\repository\org\springframework\boot\spring-boot-starter-data-jpa\3.0.0-M3\spring-boot-starter-data-jpa-3.0.0-M3.jar;C:\Users\JoãoCarlosPereira\.m2\repository\org\springframework\boot\spring-boot-starter-aop\3.0.0-M3\spring-boot-starter-aop-3.0.0-M3.jar;C:\Users\JoãoCarlosPereira\.m2\repository\org\aspectj\aspectjweaver\1.9.9.1\aspectjweaver-1.9.9.1.jar;C:\Users\JoãoCarlosPereira\.m2\repository\org\springframework\boot\spring-boot-starter-jdbc\3.0.0-M3\spring-boot-starter-jdbc-3.0.0-M3.jar;C:\Users\JoãoCarlosPereira\.m2\repository\com\zaxxer\HikariCP\5.0.1\HikariCP-5.0.1.jar;C:\Users\JoãoCarlosPereira\.m2\repository\org\springframework\spring-jdbc\6.0.0-M4\spring-jdbc-6.0.0-M4.jar;C:\Users\JoãoCarlosPereira\.m2\repository\org\hibernate\hibernate-core-jakarta\5.6.9.Final\hibernate-core-jakarta-5.6.9.Final.jar;C:\Users\JoãoCarlosPereira\.m2\repository\org\jboss\logging\jboss-logging\3.5.0.Final\jboss-logging-3.5.0.Final.jar;C:\Users\JoãoCarlosPereira\.m2\repository\jakarta\persistence\jakarta.persistence-api\3.0.0\jakarta.persistence-api-3.0.0.jar;C:\Users\JoãoCarlosPereira\.m2\repository\antlr\antlr\2.7.7\antlr-2.7.7.jar;C:\Users\JoãoCarlosPereira\.m2\repository\jakarta\transaction\jakarta.transaction-api\2.0.1\jakarta.transaction-api-2.0.1.jar;C:\Users\JoãoCarlosPereira\.m2\repository\org\jboss\jandex\2.4.2.Final\jandex-2.4.2.Final.jar;C:\Users\JoãoCarlosPereira\.m2\repository\com\fasterxml\classmate\1.5.1\classmate-1.5.1.jar;C:\Users\JoãoCarlosPereira\.m2\repository\org\dom4j\dom4j\2.1.3\dom4j-2.1.3.jar;C:\Users\JoãoCarlosPereira\.m2\repository\org\hibernate\common\hibernate-commons-annotations\5.1.2.Final\hibernate-commons-annotations-5.1.2.Final.jar;C:\Users\JoãoCarlosPereira\.m2\repository\org\glassfish\jaxb\jaxb-runtime\3.0.2\jaxb-runtime-3.0.2.jar;C:\Users\JoãoCarlosPereira\.m2\repository\org\glassfish\jaxb\jaxb-core\3.0.2\jaxb-core-3.0.2.jar;C:\Users\JoãoCarlosPereira\.m2\repository\org\glassfish\jaxb\txw2\3.0.2\txw2-3.0.2.jar;C:\Users\JoãoCarlosPereira\.m2\repository\com\sun\istack\istack-commons-runtime\4.0.1\istack-commons-runtime-4.0.1.jar;C:\Users\JoãoCarlosPereira\.m2\repository\org\springframework\data\spring-data-jpa\3.0.0-M4\spring-data-jpa-3.0.0-M4.jar;C:\Users\JoãoCarlosPereira\.m2\repository\org\springframework\data\spring-data-commons\3.0.0-M4\spring-data-commons-3.0.0-M4.jar;C:\Users\JoãoCarlosPereira\.m2\repository\org\springframework\spring-orm\6.0.0-M4\spring-orm-6.0.0-M4.jar;C:\Users\JoãoCarlosPereira\.m2\repository\org\springframework\spring-tx\6.0.0-M4\spring-tx-6.0.0-M4.jar;C:\Users\JoãoCarlosPereira\.m2\repository\org\springframework\spring-aspects\6.0.0-M4\spring-aspects-6.0.0-M4.jar;C:\Users\JoãoCarlosPereira\.m2\repository\org\springframework\hateoas\spring-hateoas\2.0.0-M3\spring-hateoas-2.0.0-M3.jar;C:\Users\JoãoCarlosPereira\.m2\repository\org\springframework\spring-aop\6.0.0-M4\spring-aop-6.0.0-M4.jar;C:\Users\JoãoCarlosPereira\.m2\repository\org\springframework\spring-beans\6.0.0-M4\spring-beans-6.0.0-M4.jar;C:\Users\JoãoCarlosPereira\.m2\repository\org\springframework\spring-context\6.0.0-M4\spring-context-6.0.0-M4.jar;C:\Users\JoãoCarlosPereira\.m2\repository\org\springframework\spring-core\6.0.0-M4\spring-core-6.0.0-M4.jar;C:\Users\JoãoCarlosPereira\.m2\repository\org\springframework\spring-jcl\6.0.0-M4\spring-jcl-6.0.0-M4.jar;C:\Users\JoãoCarlosPereira\.m2\repository\org\springframework\plugin\spring-plugin-core\3.0.0-M1\spring-plugin-core-3.0.0-M1.jar;C:\Users\JoãoCarlosPereira\.m2\repository\com\jayway\jsonpath\json-path\2.7.0\json-path-2.7.0.jar;C:\Users\JoãoCarlosPereira\.m2\repository\net\minidev\json-smart\2.4.8\json-smart-2.4.8.jar;C:\Users\JoãoCarlosPereira\.m2\repository\net\minidev\accessors-smart\2.4.8\accessors-smart-2.4.8.jar;C:\Users\JoãoCarlosPereira\.m2\repository\org\ow2\asm\asm\9.1\asm-9.1.jar;C:\Users\JoãoCarlosPereira\.m2\repository\org\slf4j\slf4j-api\1.7.36\slf4j-api-1.7.36.jar;C:\Users\JoãoCarlosPereira\.m2\repository\com\fasterxml\jackson\dataformat\jackson-dataformat-xml\2.13.3\jackson-dataformat-xml-2.13.3.jar;C:\Users\JoãoCarlosPereira\.m2\repository\com\fasterxml\jackson\core\jackson-core\2.13.3\jackson-core-2.13.3.jar;C:\Users\JoãoCarlosPereira\.m2\repository\com\fasterxml\jackson\core\jackson-annotations\2.13.3\jackson-annotations-2.13.3.jar;C:\Users\JoãoCarlosPereira\.m2\repository\com\fasterxml\jackson\core\jackson-databind\2.13.3\jackson-databind-2.13.3.jar;C:\Users\JoãoCarlosPereira\.m2\repository\org\codehaus\woodstox\stax2-api\4.2.1\stax2-api-4.2.1.jar;C:\Users\JoãoCarlosPereira\.m2\repository\com\fasterxml\woodstox\woodstox-core\6.2.7\woodstox-core-6.2.7.jar;C:\Users\JoãoCarlosPereira\.m2\repository\com\fasterxml\jackson\dataformat\jackson-dataformat-yaml\2.13.3\jackson-dataformat-yaml-2.13.3.jar;C:\Users\JoãoCarlosPereira\.m2\repository\org\yaml\snakeyaml\1.30\snakeyaml-1.30.jar;C:\Users\JoãoCarlosPereira\.m2\repository\org\springdoc\springdoc-openapi-starter-webmvc-ui\2.0.0-M1\springdoc-openapi-starter-webmvc-ui-2.0.0-M1.jar;C:\Users\JoãoCarlosPereira\.m2\repository\org\springdoc\springdoc-openapi-starter-webmvc-api\2.0.0-M1\springdoc-openapi-starter-webmvc-api-2.0.0-M1.jar;C:\Users\JoãoCarlosPereira\.m2\repository\org\springdoc\springdoc-openapi-starter-common\2.0.0-M1\springdoc-openapi-starter-common-2.0.0-M1.jar;C:\Users\JoãoCarlosPereira\.m2\repository\io\swagger\core\v3\swagger-core-jakarta\2.1.12\swagger-core-jakarta-2.1.12.jar;C:\Users\JoãoCarlosPereira\.m2\repository\io\swagger\core\v3\swagger-annotations-jakarta\2.1.12\swagger-annotations-jakarta-2.1.12.jar;C:\Users\JoãoCarlosPereira\.m2\repository\io\swagger\core\v3\swagger-models-jakarta\2.1.12\swagger-models-jakarta-2.1.12.jar;C:\Users\JoãoCarlosPereira\.m2\repository\jakarta\validation\jakarta.validation-api\3.0.1\jakarta.validation-api-3.0.1.jar;C:\Users\JoãoCarlosPereira\.m2\repository\org\webjars\swagger-ui\4.5.0\swagger-ui-4.5.0.jar;C:\Users\JoãoCarlosPereira\.m2\repository\org\webjars\webjars-locator-core\0.50\webjars-locator-core-0.50.jar;C:\Users\JoãoCarlosPereira\.m2\repository\io\github\classgraph\classgraph\4.8.138\classgraph-4.8.138.jar;C:\Users\JoãoCarlosPereira\.m2\repository\mysql\mysql-connector-java\8.0.29\mysql-connector-java-8.0.29.jar;C:\Users\JoãoCarlosPereira\.m2\repository\org\flywaydb\flyway-core\8.5.11\flyway-core-8.5.11.jar;C:\Users\JoãoCarlosPereira\.m2\repository\org\flywaydb\flyway-mysql\8.5.11\flyway-mysql-8.5.11.jar;C:\Users\JoãoCarlosPereira\.m2\repository\com\github\dozermapper\dozer-core\6.4.0\dozer-core-6.4.0.jar;C:\Users\JoãoCarlosPereira\.m2\repository\commons-beanutils\commons-beanutils\1.9.3\commons-beanutils-1.9.3.jar;C:\Users\JoãoCarlosPereira\.m2\repository\commons-collections\commons-collections\3.2.2\commons-collections-3.2.2.jar;C:\Users\JoãoCarlosPereira\.m2\repository\org\apache\commons\commons-lang3\3.12.0\commons-lang3-3.12.0.jar;C:\Users\JoãoCarlosPereira\.m2\repository\commons-io\commons-io\2.5\commons-io-2.5.jar;C:\Users\JoãoCarlosPereira\.m2\repository\javax\xml\bind\jaxb-api\2.2.11\jaxb-api-2.2.11.jar;C:\Users\JoãoCarlosPereira\.m2\repository\org\slf4j\jcl-over-slf4j\1.7.36\jcl-over-slf4j-1.7.36.jar;C:\Users\JoãoCarlosPereira\.m2\repository\org\objenesis\objenesis\2.6\objenesis-2.6.jar;C:\Users\JoãoCarlosPereira\.m2\repository\org\springframework\boot\spring-boot-starter-test\3.0.0-M3\spring-boot-starter-test-3.0.0-M3.jar;C:\Users\JoãoCarlosPereira\.m2\repository\org\springframework\boot\spring-boot-test\3.0.0-M3\spring-boot-test-3.0.0-M3.jar;C:\Users\JoãoCarlosPereira\.m2\repository\org\springframework\boot\spring-boot-test-autoconfigure\3.0.0-M3\spring-boot-test-autoconfigure-3.0.0-M3.jar;C:\Users\JoãoCarlosPereira\.m2\repository\jakarta\xml\bind\jakarta.xml.bind-api\3.0.1\jakarta.xml.bind-api-3.0.1.jar;C:\Users\JoãoCarlosPereira\.m2\repository\com\sun\activation\jakarta.activation\2.0.1\jakarta.activation-2.0.1.jar;C:\Users\JoãoCarlosPereira\.m2\repository\org\assertj\assertj-core\3.22.0\assertj-core-3.22.0.jar;C:\Users\JoãoCarlosPereira\.m2\repository\org\hamcrest\hamcrest\2.2\hamcrest-2.2.jar;C:\Users\JoãoCarlosPereira\.m2\repository\org\junit\jupiter\junit-jupiter\5.8.2\junit-jupiter-5.8.2.jar;C:\Users\JoãoCarlosPereira\.m2\repository\org\junit\jupiter\junit-jupiter-api\5.8.2\junit-jupiter-api-5.8.2.jar;C:\Users\JoãoCarlosPereira\.m2\repository\org\opentest4j\opentest4j\1.2.0\opentest4j-1.2.0.jar;C:\Users\JoãoCarlosPereira\.m2\repository\org\junit\platform\junit-platform-commons\1.8.2\junit-platform-commons-1.8.2.jar;C:\Users\JoãoCarlosPereira\.m2\repository\org\apiguardian\apiguardian-api\1.1.2\apiguardian-api-1.1.2.jar;C:\Users\JoãoCarlosPereira\.m2\repository\org\junit\jupiter\junit-jupiter-params\5.8.2\junit-jupiter-params-5.8.2.jar;C:\Users\JoãoCarlosPereira\.m2\repository\org\junit\jupiter\junit-jupiter-engine\5.8.2\junit-jupiter-engine-5.8.2.jar;C:\Users\JoãoCarlosPereira\.m2\repository\org\junit\platform\junit-platform-engine\1.8.2\junit-platform-engine-1.8.2.jar;C:\Users\JoãoCarlosPereira\.m2\repository\org\mockito\mockito-junit-jupiter\4.5.1\mockito-junit-jupiter-4.5.1.jar;C:\Users\JoãoCarlosPereira\.m2\repository\org\skyscreamer\jsonassert\1.5.0\jsonassert-1.5.0.jar;C:\Users\JoãoCarlosPereira\.m2\repository\com\vaadin\external\google\android-json\0.0.20131108.vaadin1\android-json-0.0.20131108.vaadin1.jar;C:\Users\JoãoCarlosPereira\.m2\repository\org\springframework\spring-test\6.0.0-M4\spring-test-6.0.0-M4.jar;C:\Users\JoãoCarlosPereira\.m2\repository\org\xmlunit\xmlunit-core\2.9.0\xmlunit-core-2.9.0.jar;C:\Users\JoãoCarlosPereira\.m2\repository\org\mockito\mockito-core\4.5.1\mockito-core-4.5.1.jar;C:\Users\JoãoCarlosPereira\.m2\repository\net\bytebuddy\byte-buddy\1.12.10\byte-buddy-1.12.10.jar;C:\Users\JoãoCarlosPereira\.m2\repository\net\bytebuddy\byte-buddy-agent\1.12.10\byte-buddy-agent-1.12.10.jar;C:\Users\JoãoCarlosPereira\.m2\repository\io\rest-assured\rest-assured\4.5.0\rest-assured-4.5.0.jar;C:\Users\JoãoCarlosPereira\.m2\repository\org\codehaus\groovy\groovy\3.0.9\groovy-3.0.9.jar;C:\Users\JoãoCarlosPereira\.m2\repository\org\codehaus\groovy\groovy-xml\3.0.9\groovy-xml-3.0.9.jar;C:\Users\JoãoCarlosPereira\.m2\repository\org\apache\httpcomponents\httpclient\4.5.13\httpclient-4.5.13.jar;C:\Users\JoãoCarlosPereira\.m2\repository\org\apache\httpcomponents\httpcore\4.4.15\httpcore-4.4.15.jar;C:\Users\JoãoCarlosPereira\.m2\repository\commons-codec\commons-codec\1.15\commons-codec-1.15.jar;C:\Users\JoãoCarlosPereira\.m2\repository\org\apache\httpcomponents\httpmime\4.5.13\httpmime-4.5.13.jar;C:\Users\JoãoCarlosPereira\.m2\repository\org\ccil\cowan\tagsoup\tagsoup\1.2.1\tagsoup-1.2.1.jar;C:\Users\JoãoCarlosPereira\.m2\repository\io\rest-assured\json-path\4.5.0\json-path-4.5.0.jar;C:\Users\JoãoCarlosPereira\.m2\repository\org\codehaus\groovy\groovy-json\3.0.9\groovy-json-3.0.9.jar;C:\Users\JoãoCarlosPereira\.m2\repository\io\rest-assured\rest-assured-common\4.5.0\rest-assured-common-4.5.0.jar;C:\Users\JoãoCarlosPereira\.m2\repository\io\rest-assured\xml-path\4.5.0\xml-path-4.5.0.jar;C:\Users\JoãoCarlosPereira\.m2\repository\org\testcontainers\mysql\1.16.3\mysql-1.16.3.jar;C:\Users\JoãoCarlosPereira\.m2\repository\org\testcontainers\jdbc\1.16.3\jdbc-1.16.3.jar;C:\Users\JoãoCarlosPereira\.m2\repository\org\testcontainers\database-commons\1.16.3\database-commons-1.16.3.jar;C:\Users\JoãoCarlosPereira\.m2\repository\org\testcontainers\testcontainers\1.16.3\testcontainers-1.16.3.jar;C:\Users\JoãoCarlosPereira\.m2\repository\junit\junit\4.13.2\junit-4.13.2.jar;C:\Users\JoãoCarlosPereira\.m2\repository\org\hamcrest\hamcrest-core\2.2\hamcrest-core-2.2.jar;C:\Users\JoãoCarlosPereira\.m2\repository\org\apache\commons\commons-compress\1.21\commons-compress-1.21.jar;C:\Users\JoãoCarlosPereira\.m2\repository\org\rnorth\duct-tape\duct-tape\1.0.8\duct-tape-1.0.8.jar;C:\Users\JoãoCarlosPereira\.m2\repository\org\jetbrains\annotations\17.0.0\annotations-17.0.0.jar;C:\Users\JoãoCarlosPereira\.m2\repository\com\github\docker-java\docker-java-api\3.2.12\docker-java-api-3.2.12.jar;C:\Users\JoãoCarlosPereira\.m2\repository\com\github\docker-java\docker-java-transport-zerodep\3.2.12\docker-java-transport-zerodep-3.2.12.jar;C:\Users\JoãoCarlosPereira\.m2\repository\com\github\docker-java\docker-java-transport\3.2.12\docker-java-transport-3.2.12.jar;C:\Users\JoãoCarlosPereira\.m2\repository\net\java\dev\jna\jna\5.8.0\jna-5.8.0.jar;C:\Users\JoãoCarlosPereira\.m2\repository\org\springframework\boot\spring-boot-devtools\3.0.0-M3\spring-boot-devtools-3.0.0-M3.jar;C:\Users\JoãoCarlosPereira\.m2\repository\org\springframework\boot\spring-boot\3.0.0-M3\spring-boot-3.0.0-M3.jar;C:\Users\JoãoCarlosPereira\.m2\repository\org\springframework\boot\spring-boot-autoconfigure\3.0.0-M3\spring-boot-autoconfigure-3.0.0-M3.jar;"/>
    <property name="java.vm.vendor" value="Oracle Corporation"/>
    <property name="sun.arch.data.model" value="64"/>
    <property name="user.variant" value=""/>
    <property name="java.vendor.url" value="https://java.oracle.com/"/>
    <property name="user.timezone" value="Atlantic/Azores"/>
    <property name="user.country.format" value="150"/>
    <property name="os.name" value="Windows 10"/>
    <property name="java.vm.specification.version" value="18"/>
    <property name="sun.java.launcher" value="SUN_STANDARD"/>
    <property name="user.country" value="US"/>
    <property name="sun.boot.library.path" value="C:\Program Files\Java\jdk-18.0.1.1\bin"/>
    <property name="sun.java.command" value="C:\Users\JOOCAR~1\AppData\Local\Temp\surefire3742246345892801843\surefirebooter13915345934181186051.jar C:\Users\JoãoCarlosPereira\AppData\Local\Temp\surefire3742246345892801843 2022-07-22T17-30-45_835-jvmRun1 surefire5903672749596145591tmp surefire_08184442687046890665tmp"/>
    <property name="jdk.debug" value="release"/>
    <property name="surefire.test.class.path" value="C:\Users\JoãoCarlosPereira\Desktop\restfull-api\target\test-classes;C:\Users\JoãoCarlosPereira\Desktop\restfull-api\target\classes;C:\Users\JoãoCarlosPereira\.m2\repository\org\springframework\boot\spring-boot-starter-web\3.0.0-M3\spring-boot-starter-web-3.0.0-M3.jar;C:\Users\JoãoCarlosPereira\.m2\repository\org\springframework\boot\spring-boot-starter\3.0.0-M3\spring-boot-starter-3.0.0-M3.jar;C:\Users\JoãoCarlosPereira\.m2\repository\org\springframework\boot\spring-boot-starter-logging\3.0.0-M3\spring-boot-starter-logging-3.0.0-M3.jar;C:\Users\JoãoCarlosPereira\.m2\repository\ch\qos\logback\logback-classic\1.2.11\logback-classic-1.2.11.jar;C:\Users\JoãoCarlosPereira\.m2\repository\ch\qos\logback\logback-core\1.2.11\logback-core-1.2.11.jar;C:\Users\JoãoCarlosPereira\.m2\repository\org\apache\logging\log4j\log4j-to-slf4j\2.17.2\log4j-to-slf4j-2.17.2.jar;C:\Users\JoãoCarlosPereira\.m2\repository\org\apache\logging\log4j\log4j-api\2.17.2\log4j-api-2.17.2.jar;C:\Users\JoãoCarlosPereira\.m2\repository\org\slf4j\jul-to-slf4j\1.7.36\jul-to-slf4j-1.7.36.jar;C:\Users\JoãoCarlosPereira\.m2\repository\jakarta\annotation\jakarta.annotation-api\2.0.0\jakarta.annotation-api-2.0.0.jar;C:\Users\JoãoCarlosPereira\.m2\repository\org\springframework\boot\spring-boot-starter-json\3.0.0-M3\spring-boot-starter-json-3.0.0-M3.jar;C:\Users\JoãoCarlosPereira\.m2\repository\com\fasterxml\jackson\datatype\jackson-datatype-jdk8\2.13.3\jackson-datatype-jdk8-2.13.3.jar;C:\Users\JoãoCarlosPereira\.m2\repository\com\fasterxml\jackson\datatype\jackson-datatype-jsr310\2.13.3\jackson-datatype-jsr310-2.13.3.jar;C:\Users\JoãoCarlosPereira\.m2\repository\com\fasterxml\jackson\module\jackson-module-parameter-names\2.13.3\jackson-module-parameter-names-2.13.3.jar;C:\Users\JoãoCarlosPereira\.m2\repository\org\springframework\boot\spring-boot-starter-tomcat\3.0.0-M3\spring-boot-starter-tomcat-3.0.0-M3.jar;C:\Users\JoãoCarlosPereira\.m2\repository\org\apache\tomcat\embed\tomcat-embed-core\10.0.21\tomcat-embed-core-10.0.21.jar;C:\Users\JoãoCarlosPereira\.m2\repository\org\apache\tomcat\embed\tomcat-embed-el\10.0.21\tomcat-embed-el-10.0.21.jar;C:\Users\JoãoCarlosPereira\.m2\repository\org\apache\tomcat\embed\tomcat-embed-websocket\10.0.21\tomcat-embed-websocket-10.0.21.jar;C:\Users\JoãoCarlosPereira\.m2\repository\org\springframework\spring-web\6.0.0-M4\spring-web-6.0.0-M4.jar;C:\Users\JoãoCarlosPereira\.m2\repository\org\springframework\spring-webmvc\6.0.0-M4\spring-webmvc-6.0.0-M4.jar;C:\Users\JoãoCarlosPereira\.m2\repository\org\springframework\spring-expression\6.0.0-M4\spring-expression-6.0.0-M4.jar;C:\Users\JoãoCarlosPereira\.m2\repository\org\springframework\boot\spring-boot-starter-data-jpa\3.0.0-M3\spring-boot-starter-data-jpa-3.0.0-M3.jar;C:\Users\JoãoCarlosPereira\.m2\repository\org\springframework\boot\spring-boot-starter-aop\3.0.0-M3\spring-boot-starter-aop-3.0.0-M3.jar;C:\Users\JoãoCarlosPereira\.m2\repository\org\aspectj\aspectjweaver\1.9.9.1\aspectjweaver-1.9.9.1.jar;C:\Users\JoãoCarlosPereira\.m2\repository\org\springframework\boot\spring-boot-starter-jdbc\3.0.0-M3\spring-boot-starter-jdbc-3.0.0-M3.jar;C:\Users\JoãoCarlosPereira\.m2\repository\com\zaxxer\HikariCP\5.0.1\HikariCP-5.0.1.jar;C:\Users\JoãoCarlosPereira\.m2\repository\org\springframework\spring-jdbc\6.0.0-M4\spring-jdbc-6.0.0-M4.jar;C:\Users\JoãoCarlosPereira\.m2\repository\org\hibernate\hibernate-core-jakarta\5.6.9.Final\hibernate-core-jakarta-5.6.9.Final.jar;C:\Users\JoãoCarlosPereira\.m2\repository\org\jboss\logging\jboss-logging\3.5.0.Final\jboss-logging-3.5.0.Final.jar;C:\Users\JoãoCarlosPereira\.m2\repository\jakarta\persistence\jakarta.persistence-api\3.0.0\jakarta.persistence-api-3.0.0.jar;C:\Users\JoãoCarlosPereira\.m2\repository\antlr\antlr\2.7.7\antlr-2.7.7.jar;C:\Users\JoãoCarlosPereira\.m2\repository\jakarta\transaction\jakarta.transaction-api\2.0.1\jakarta.transaction-api-2.0.1.jar;C:\Users\JoãoCarlosPereira\.m2\repository\org\jboss\jandex\2.4.2.Final\jandex-2.4.2.Final.jar;C:\Users\JoãoCarlosPereira\.m2\repository\com\fasterxml\classmate\1.5.1\classmate-1.5.1.jar;C:\Users\JoãoCarlosPereira\.m2\repository\org\dom4j\dom4j\2.1.3\dom4j-2.1.3.jar;C:\Users\JoãoCarlosPereira\.m2\repository\org\hibernate\common\hibernate-commons-annotations\5.1.2.Final\hibernate-commons-annotations-5.1.2.Final.jar;C:\Users\JoãoCarlosPereira\.m2\repository\org\glassfish\jaxb\jaxb-runtime\3.0.2\jaxb-runtime-3.0.2.jar;C:\Users\JoãoCarlosPereira\.m2\repository\org\glassfish\jaxb\jaxb-core\3.0.2\jaxb-core-3.0.2.jar;C:\Users\JoãoCarlosPereira\.m2\repository\org\glassfish\jaxb\txw2\3.0.2\txw2-3.0.2.jar;C:\Users\JoãoCarlosPereira\.m2\repository\com\sun\istack\istack-commons-runtime\4.0.1\istack-commons-runtime-4.0.1.jar;C:\Users\JoãoCarlosPereira\.m2\repository\org\springframework\data\spring-data-jpa\3.0.0-M4\spring-data-jpa-3.0.0-M4.jar;C:\Users\JoãoCarlosPereira\.m2\repository\org\springframework\data\spring-data-commons\3.0.0-M4\spring-data-commons-3.0.0-M4.jar;C:\Users\JoãoCarlosPereira\.m2\repository\org\springframework\spring-orm\6.0.0-M4\spring-orm-6.0.0-M4.jar;C:\Users\JoãoCarlosPereira\.m2\repository\org\springframework\spring-tx\6.0.0-M4\spring-tx-6.0.0-M4.jar;C:\Users\JoãoCarlosPereira\.m2\repository\org\springframework\spring-aspects\6.0.0-M4\spring-aspects-6.0.0-M4.jar;C:\Users\JoãoCarlosPereira\.m2\repository\org\springframework\hateoas\spring-hateoas\2.0.0-M3\spring-hateoas-2.0.0-M3.jar;C:\Users\JoãoCarlosPereira\.m2\repository\org\springframework\spring-aop\6.0.0-M4\spring-aop-6.0.0-M4.jar;C:\Users\JoãoCarlosPereira\.m2\repository\org\springframework\spring-beans\6.0.0-M4\spring-beans-6.0.0-M4.jar;C:\Users\JoãoCarlosPereira\.m2\repository\org\springframework\spring-context\6.0.0-M4\spring-context-6.0.0-M4.jar;C:\Users\JoãoCarlosPereira\.m2\repository\org\springframework\spring-core\6.0.0-M4\spring-core-6.0.0-M4.jar;C:\Users\JoãoCarlosPereira\.m2\repository\org\springframework\spring-jcl\6.0.0-M4\spring-jcl-6.0.0-M4.jar;C:\Users\JoãoCarlosPereira\.m2\repository\org\springframework\plugin\spring-plugin-core\3.0.0-M1\spring-plugin-core-3.0.0-M1.jar;C:\Users\JoãoCarlosPereira\.m2\repository\com\jayway\jsonpath\json-path\2.7.0\json-path-2.7.0.jar;C:\Users\JoãoCarlosPereira\.m2\repository\net\minidev\json-smart\2.4.8\json-smart-2.4.8.jar;C:\Users\JoãoCarlosPereira\.m2\repository\net\minidev\accessors-smart\2.4.8\accessors-smart-2.4.8.jar;C:\Users\JoãoCarlosPereira\.m2\repository\org\ow2\asm\asm\9.1\asm-9.1.jar;C:\Users\JoãoCarlosPereira\.m2\repository\org\slf4j\slf4j-api\1.7.36\slf4j-api-1.7.36.jar;C:\Users\JoãoCarlosPereira\.m2\repository\com\fasterxml\jackson\dataformat\jackson-dataformat-xml\2.13.3\jackson-dataformat-xml-2.13.3.jar;C:\Users\JoãoCarlosPereira\.m2\repository\com\fasterxml\jackson\core\jackson-core\2.13.3\jackson-core-2.13.3.jar;C:\Users\JoãoCarlosPereira\.m2\repository\com\fasterxml\jackson\core\jackson-annotations\2.13.3\jackson-annotations-2.13.3.jar;C:\Users\JoãoCarlosPereira\.m2\repository\com\fasterxml\jackson\core\jackson-databind\2.13.3\jackson-databind-2.13.3.jar;C:\Users\JoãoCarlosPereira\.m2\repository\org\codehaus\woodstox\stax2-api\4.2.1\stax2-api-4.2.1.jar;C:\Users\JoãoCarlosPereira\.m2\repository\com\fasterxml\woodstox\woodstox-core\6.2.7\woodstox-core-6.2.7.jar;C:\Users\JoãoCarlosPereira\.m2\repository\com\fasterxml\jackson\dataformat\jackson-dataformat-yaml\2.13.3\jackson-dataformat-yaml-2.13.3.jar;C:\Users\JoãoCarlosPereira\.m2\repository\org\yaml\snakeyaml\1.30\snakeyaml-1.30.jar;C:\Users\JoãoCarlosPereira\.m2\repository\org\springdoc\springdoc-openapi-starter-webmvc-ui\2.0.0-M1\springdoc-openapi-starter-webmvc-ui-2.0.0-M1.jar;C:\Users\JoãoCarlosPereira\.m2\repository\org\springdoc\springdoc-openapi-starter-webmvc-api\2.0.0-M1\springdoc-openapi-starter-webmvc-api-2.0.0-M1.jar;C:\Users\JoãoCarlosPereira\.m2\repository\org\springdoc\springdoc-openapi-starter-common\2.0.0-M1\springdoc-openapi-starter-common-2.0.0-M1.jar;C:\Users\JoãoCarlosPereira\.m2\repository\io\swagger\core\v3\swagger-core-jakarta\2.1.12\swagger-core-jakarta-2.1.12.jar;C:\Users\JoãoCarlosPereira\.m2\repository\io\swagger\core\v3\swagger-annotations-jakarta\2.1.12\swagger-annotations-jakarta-2.1.12.jar;C:\Users\JoãoCarlosPereira\.m2\repository\io\swagger\core\v3\swagger-models-jakarta\2.1.12\swagger-models-jakarta-2.1.12.jar;C:\Users\JoãoCarlosPereira\.m2\repository\jakarta\validation\jakarta.validation-api\3.0.1\jakarta.validation-api-3.0.1.jar;C:\Users\JoãoCarlosPereira\.m2\repository\org\webjars\swagger-ui\4.5.0\swagger-ui-4.5.0.jar;C:\Users\JoãoCarlosPereira\.m2\repository\org\webjars\webjars-locator-core\0.50\webjars-locator-core-0.50.jar;C:\Users\JoãoCarlosPereira\.m2\repository\io\github\classgraph\classgraph\4.8.138\classgraph-4.8.138.jar;C:\Users\JoãoCarlosPereira\.m2\repository\mysql\mysql-connector-java\8.0.29\mysql-connector-java-8.0.29.jar;C:\Users\JoãoCarlosPereira\.m2\repository\org\flywaydb\flyway-core\8.5.11\flyway-core-8.5.11.jar;C:\Users\JoãoCarlosPereira\.m2\repository\org\flywaydb\flyway-mysql\8.5.11\flyway-mysql-8.5.11.jar;C:\Users\JoãoCarlosPereira\.m2\repository\com\github\dozermapper\dozer-core\6.4.0\dozer-core-6.4.0.jar;C:\Users\JoãoCarlosPereira\.m2\repository\commons-beanutils\commons-beanutils\1.9.3\commons-beanutils-1.9.3.jar;C:\Users\JoãoCarlosPereira\.m2\repository\commons-collections\commons-collections\3.2.2\commons-collections-3.2.2.jar;C:\Users\JoãoCarlosPereira\.m2\repository\org\apache\commons\commons-lang3\3.12.0\commons-lang3-3.12.0.jar;C:\Users\JoãoCarlosPereira\.m2\repository\commons-io\commons-io\2.5\commons-io-2.5.jar;C:\Users\JoãoCarlosPereira\.m2\repository\javax\xml\bind\jaxb-api\2.2.11\jaxb-api-2.2.11.jar;C:\Users\JoãoCarlosPereira\.m2\repository\org\slf4j\jcl-over-slf4j\1.7.36\jcl-over-slf4j-1.7.36.jar;C:\Users\JoãoCarlosPereira\.m2\repository\org\objenesis\objenesis\2.6\objenesis-2.6.jar;C:\Users\JoãoCarlosPereira\.m2\repository\org\springframework\boot\spring-boot-starter-test\3.0.0-M3\spring-boot-starter-test-3.0.0-M3.jar;C:\Users\JoãoCarlosPereira\.m2\repository\org\springframework\boot\spring-boot-test\3.0.0-M3\spring-boot-test-3.0.0-M3.jar;C:\Users\JoãoCarlosPereira\.m2\repository\org\springframework\boot\spring-boot-test-autoconfigure\3.0.0-M3\spring-boot-test-autoconfigure-3.0.0-M3.jar;C:\Users\JoãoCarlosPereira\.m2\repository\jakarta\xml\bind\jakarta.xml.bind-api\3.0.1\jakarta.xml.bind-api-3.0.1.jar;C:\Users\JoãoCarlosPereira\.m2\repository\com\sun\activation\jakarta.activation\2.0.1\jakarta.activation-2.0.1.jar;C:\Users\JoãoCarlosPereira\.m2\repository\org\assertj\assertj-core\3.22.0\assertj-core-3.22.0.jar;C:\Users\JoãoCarlosPereira\.m2\repository\org\hamcrest\hamcrest\2.2\hamcrest-2.2.jar;C:\Users\JoãoCarlosPereira\.m2\repository\org\junit\jupiter\junit-jupiter\5.8.2\junit-jupiter-5.8.2.jar;C:\Users\JoãoCarlosPereira\.m2\repository\org\junit\jupiter\junit-jupiter-api\5.8.2\junit-jupiter-api-5.8.2.jar;C:\Users\JoãoCarlosPereira\.m2\repository\org\opentest4j\opentest4j\1.2.0\opentest4j-1.2.0.jar;C:\Users\JoãoCarlosPereira\.m2\repository\org\junit\platform\junit-platform-commons\1.8.2\junit-platform-commons-1.8.2.jar;C:\Users\JoãoCarlosPereira\.m2\repository\org\apiguardian\apiguardian-api\1.1.2\apiguardian-api-1.1.2.jar;C:\Users\JoãoCarlosPereira\.m2\repository\org\junit\jupiter\junit-jupiter-params\5.8.2\junit-jupiter-params-5.8.2.jar;C:\Users\JoãoCarlosPereira\.m2\repository\org\junit\jupiter\junit-jupiter-engine\5.8.2\junit-jupiter-engine-5.8.2.jar;C:\Users\JoãoCarlosPereira\.m2\repository\org\junit\platform\junit-platform-engine\1.8.2\junit-platform-engine-1.8.2.jar;C:\Users\JoãoCarlosPereira\.m2\repository\org\mockito\mockito-junit-jupiter\4.5.1\mockito-junit-jupiter-4.5.1.jar;C:\Users\JoãoCarlosPereira\.m2\repository\org\skyscreamer\jsonassert\1.5.0\jsonassert-1.5.0.jar;C:\Users\JoãoCarlosPereira\.m2\repository\com\vaadin\external\google\android-json\0.0.20131108.vaadin1\android-json-0.0.20131108.vaadin1.jar;C:\Users\JoãoCarlosPereira\.m2\repository\org\springframework\spring-test\6.0.0-M4\spring-test-6.0.0-M4.jar;C:\Users\JoãoCarlosPereira\.m2\repository\org\xmlunit\xmlunit-core\2.9.0\xmlunit-core-2.9.0.jar;C:\Users\JoãoCarlosPereira\.m2\repository\org\mockito\mockito-core\4.5.1\mockito-core-4.5.1.jar;C:\Users\JoãoCarlosPereira\.m2\repository\net\bytebuddy\byte-buddy\1.12.10\byte-buddy-1.12.10.jar;C:\Users\JoãoCarlosPereira\.m2\repository\net\bytebuddy\byte-buddy-agent\1.12.10\byte-buddy-agent-1.12.10.jar;C:\Users\JoãoCarlosPereira\.m2\repository\io\rest-assured\rest-assured\4.5.0\rest-assured-4.5.0.jar;C:\Users\JoãoCarlosPereira\.m2\repository\org\codehaus\groovy\groovy\3.0.9\groovy-3.0.9.jar;C:\Users\JoãoCarlosPereira\.m2\repository\org\codehaus\groovy\groovy-xml\3.0.9\groovy-xml-3.0.9.jar;C:\Users\JoãoCarlosPereira\.m2\repository\org\apache\httpcomponents\httpclient\4.5.13\httpclient-4.5.13.jar;C:\Users\JoãoCarlosPereira\.m2\repository\org\apache\httpcomponents\httpcore\4.4.15\httpcore-4.4.15.jar;C:\Users\JoãoCarlosPereira\.m2\repository\commons-codec\commons-codec\1.15\commons-codec-1.15.jar;C:\Users\JoãoCarlosPereira\.m2\repository\org\apache\httpcomponents\httpmime\4.5.13\httpmime-4.5.13.jar;C:\Users\JoãoCarlosPereira\.m2\repository\org\ccil\cowan\tagsoup\tagsoup\1.2.1\tagsoup-1.2.1.jar;C:\Users\JoãoCarlosPereira\.m2\repository\io\rest-assured\json-path\4.5.0\json-path-4.5.0.jar;C:\Users\JoãoCarlosPereira\.m2\repository\org\codehaus\groovy\groovy-json\3.0.9\groovy-json-3.0.9.jar;C:\Users\JoãoCarlosPereira\.m2\repository\io\rest-assured\rest-assured-common\4.5.0\rest-assured-common-4.5.0.jar;C:\Users\JoãoCarlosPereira\.m2\repository\io\rest-assured\xml-path\4.5.0\xml-path-4.5.0.jar;C:\Users\JoãoCarlosPereira\.m2\repository\org\testcontainers\mysql\1.16.3\mysql-1.16.3.jar;C:\Users\JoãoCarlosPereira\.m2\repository\org\testcontainers\jdbc\1.16.3\jdbc-1.16.3.jar;C:\Users\JoãoCarlosPereira\.m2\repository\org\testcontainers\database-commons\1.16.3\database-commons-1.16.3.jar;C:\Users\JoãoCarlosPereira\.m2\repository\org\testcontainers\testcontainers\1.16.3\testcontainers-1.16.3.jar;C:\Users\JoãoCarlosPereira\.m2\repository\junit\junit\4.13.2\junit-4.13.2.jar;C:\Users\JoãoCarlosPereira\.m2\repository\org\hamcrest\hamcrest-core\2.2\hamcrest-core-2.2.jar;C:\Users\JoãoCarlosPereira\.m2\repository\org\apache\commons\commons-compress\1.21\commons-compress-1.21.jar;C:\Users\JoãoCarlosPereira\.m2\repository\org\rnorth\duct-tape\duct-tape\1.0.8\duct-tape-1.0.8.jar;C:\Users\JoãoCarlosPereira\.m2\repository\org\jetbrains\annotations\17.0.0\annotations-17.0.0.jar;C:\Users\JoãoCarlosPereira\.m2\repository\com\github\docker-java\docker-java-api\3.2.12\docker-java-api-3.2.12.jar;C:\Users\JoãoCarlosPereira\.m2\repository\com\github\docker-java\docker-java-transport-zerodep\3.2.12\docker-java-transport-zerodep-3.2.12.jar;C:\Users\JoãoCarlosPereira\.m2\repository\com\github\docker-java\docker-java-transport\3.2.12\docker-java-transport-3.2.12.jar;C:\Users\JoãoCarlosPereira\.m2\repository\net\java\dev\jna\jna\5.8.0\jna-5.8.0.jar;C:\Users\JoãoCarlosPereira\.m2\repository\org\springframework\boot\spring-boot-devtools\3.0.0-M3\spring-boot-devtools-3.0.0-M3.jar;C:\Users\JoãoCarlosPereira\.m2\repository\org\springframework\boot\spring-boot\3.0.0-M3\spring-boot-3.0.0-M3.jar;C:\Users\JoãoCarlosPereira\.m2\repository\org\springframework\boot\spring-boot-autoconfigure\3.0.0-M3\spring-boot-autoconfigure-3.0.0-M3.jar;"/>
    <property name="sun.cpu.endian" value="little"/>
    <property name="user.home" value="C:\Users\JoãoCarlosPereira"/>
    <property name="user.language" value="en"/>
    <property name="java.specification.vendor" value="Oracle Corporation"/>
    <property name="java.version.date" value="2022-04-22"/>
    <property name="java.home" value="C:\Program Files\Java\jdk-18.0.1.1"/>
    <property name="file.separator" value="\"/>
    <property name="basedir" value="C:\Users\JoãoCarlosPereira\Desktop\restfull-api"/>
    <property name="java.vm.compressedOopsMode" value="Zero based"/>
    <property name="line.separator" value="&#10;"/>
    <property name="java.vm.specification.vendor" value="Oracle Corporation"/>
    <property name="java.specification.name" value="Java Platform API Specification"/>
    <property name="surefire.real.class.path" value="C:\Users\JOOCAR~1\AppData\Local\Temp\surefire3742246345892801843\surefirebooter13915345934181186051.jar"/>
    <property name="user.script" value=""/>
    <property name="sun.management.compiler" value="HotSpot 64-Bit Tiered Compilers"/>
    <property name="java.runtime.version" value="18.0.1.1+2-6"/>
    <property name="user.name" value="JoãoCarlosPereira"/>
    <property name="path.separator" value=";"/>
    <property name="os.version" value="10.0"/>
    <property name="java.runtime.name" value="Java(TM) SE Runtime Environment"/>
    <property name="file.encoding" value="UTF-8"/>
    <property name="java.vm.name" value="Java HotSpot(TM) 64-Bit Server VM"/>
    <property name="localRepository" value="C:\Users\JoãoCarlosPereira\.m2\repository"/>
    <property name="java.vendor.url.bug" value="https://bugreport.java.com/bugreport/"/>
    <property name="java.io.tmpdir" value="C:\Users\JOOCAR~1\AppData\Local\Temp\"/>
    <property name="java.version" value="18.0.1.1"/>
    <property name="user.dir" value="C:\Users\JoãoCarlosPereira\Desktop\restfull-api"/>
    <property name="os.arch" value="amd64"/>
    <property name="java.vm.specification.name" value="Java Virtual Machine Specification"/>
    <property name="sun.os.patch.level" value=""/>
    <property name="native.encoding" value="Cp1252"/>
    <property name="java.library.path" value="C:\Program Files\Java\jdk-18.0.1.1\bin;C:\Windows\Sun\Java\bin;C:\Windows\system32;C:\Windows;C:\Program Files\Git\mingw64\bin;C:\Program Files\Git\usr\bin;C:\Users\JoãoCarlosPereira\bin;C:\Program Files\Common Files\Oracle\Java\javapath;C:\Windows\system32;C:\Windows;C:\Windows\System32\Wbem;C:\Windows\System32\WindowsPowerShell\v1.0;C:\Windows\System32\OpenSSH;C:\Program Files\Git\cmd;C:\Program Files\Amazon\AWSCLIV2;C:\Program Files\Docker\Docker\resources\bin;C:\ProgramData\DockerDesktop\version-bin;C:\Users\JoãoCarlosPereira\AppData\Local\Microsoft\WindowsApps;C:\Users\JoãoCarlosPereira\AppData\Local\Programs\Microsoft VS Code Insiders\bin;C:\Program Files\apache-maven-3.8.5\bin;C:\Users\JoãoCarlosPereira\AppData\Local\GitHubDesktop\bin;C:\Program Files\heroku\bin;."/>
    <property name="java.vm.info" value="mixed mode, sharing"/>
    <property name="java.vendor" value="Oracle Corporation"/>
    <property name="java.vm.version" value="18.0.1.1+2-6"/>
    <property name="sun.io.unicode.encoding" value="UnicodeLittle"/>
    <property name="java.class.version" value="62.0"/>
  </properties>
  <testcase name="testFindAll" classname="com.ratz.restfullapi.unittests.service.PersonServiceImplTest" time="0.292"/>
  <testcase name="testUpdateWithNullPerson" classname="com.ratz.restfullapi.unittests.service.PersonServiceImplTest" time="0.003"/>
  <testcase name="testFindById" classname="com.ratz.restfullapi.unittests.service.PersonServiceImplTest" time="0.007"/>
  <testcase name="testCreateWithNullPerson" classname="com.ratz.restfullapi.unittests.service.PersonServiceImplTest" time="0.002"/>
  <testcase name="testCreate" classname="com.ratz.restfullapi.unittests.service.PersonServiceImplTest" time="0.008"/>
  <testcase name="testDelete" classname="com.ratz.restfullapi.unittests.service.PersonServiceImplTest" time="0.003"/>
  <testcase name="testUpdate" classname="com.ratz.restfullapi.unittests.service.PersonServiceImplTest" time="0.005"/>
</testsuite>